<?xml version="1.0" encoding="UTF-8"?>
<testng-results skipped="0" failed="0" ignored="0" total="1" passed="1">
  <reporter-output>
  </reporter-output>
  <suite name="Default suite" duration-ms="7671" started-at="2021-08-18T11:04:12 EDT" finished-at="2021-08-18T11:04:20 EDT">
    <groups>
    </groups>
    <test name="Default test" duration-ms="7671" started-at="2021-08-18T11:04:12 EDT" finished-at="2021-08-18T11:04:20 EDT">
      <class name="com.qa.acti.base.DriverScript">
        <test-method status="PASS" signature="initApplication()[pri:0, instance:com.qa.acti.base.DriverScript@76707e36]" name="initApplication" duration-ms="7632" started-at="2021-08-18T11:04:12 EDT" finished-at="2021-08-18T11:04:20 EDT">
          <reporter-output>
          </reporter-output>
        </test-method> <!-- initApplication -->
      </class> <!-- com.qa.acti.base.DriverScript -->
    </test> <!-- Default test -->
  </suite> <!-- Default suite -->
</testng-results>
